# JRE version: Java(TM) SE Runtime Environment (8.0_171-b11) (build 1.8.0_171-b11)
# Java VM: Java HotSpot(TM) 64-Bit Server VM (25.171-b11 mixed mode windows-amd64 compressed oops)
Heap:
 PSYoungGen      total 384512K, used 49588K [0x00000000d5d00000, 0x00000000f2f80000, 0x0000000100000000)
  eden space 369152K, 12% used [0x00000000d5d00000,0x00000000d8ba4f40,0x00000000ec580000)
  from space 15360K, 11% used [0x00000000ec580000,0x00000000ec748270,0x00000000ed480000)
  to   space 26624K, 0% used [0x00000000f1580000,0x00000000f1580000,0x00000000f2f80000)
 ParOldGen       total 171008K, used 123737K [0x0000000081600000, 0x000000008bd00000, 0x00000000d5d00000)
  object space 171008K, 72% used [0x0000000081600000,0x0000000088ed6720,0x000000008bd00000)
 Metaspace       used 70337K, capacity 71346K, committed 71576K, reserved 1110016K
  class space    used 10135K, capacity 10336K, committed 10408K, reserved 1048576K
GC Heap History (10 events):
Event: 58.819 GC heap before
{Heap before GC invocations=21 (full 4):
 PSYoungGen      total 377344K, used 369235K [0x00000000d5d00000, 0x00000000ee380000, 0x0000000100000000)
  eden space 367616K, 100% used [0x00000000d5d00000,0x00000000ec400000,0x00000000ec400000)
  from space 9728K, 16% used [0x00000000eda00000,0x00000000edb94c10,0x00000000ee380000)
  to   space 15360K, 0% used [0x00000000ec580000,0x00000000ec580000,0x00000000ed480000)
 ParOldGen       total 171008K, used 72742K [0x0000000081600000, 0x000000008bd00000, 0x00000000d5d00000)
  object space 171008K, 42% used [0x0000000081600000,0x0000000085d09838,0x000000008bd00000)
 Metaspace       used 69741K, capacity 70806K, committed 71064K, reserved 1110016K
  class space    used 10126K, capacity 10324K, committed 10408K, reserved 1048576K
Event: 58.847 GC heap after
Heap after GC invocations=21 (full 4):
 PSYoungGen      total 382976K, used 10466K [0x00000000d5d00000, 0x00000000ee380000, 0x0000000100000000)
  eden space 367616K, 0% used [0x00000000d5d00000,0x00000000d5d00000,0x00000000ec400000)
  from space 15360K, 68% used [0x00000000ec580000,0x00000000ecfb8ba0,0x00000000ed480000)
  to   space 9728K, 0% used [0x00000000eda00000,0x00000000eda00000,0x00000000ee380000)
 ParOldGen       total 171008K, used 81489K [0x0000000081600000, 0x000000008bd00000, 0x00000000d5d00000)
  object space 171008K, 47% used [0x0000000081600000,0x0000000086594570,0x000000008bd00000)
 Metaspace       used 69741K, capacity 70806K, committed 71064K, reserved 1110016K
  class space    used 10126K, capacity 10324K, committed 10408K, reserved 1048576K
}
Event: 64.510 GC heap before
{Heap before GC invocations=22 (full 4):
 PSYoungGen      total 382976K, used 378082K [0x00000000d5d00000, 0x00000000ee380000, 0x0000000100000000)
  eden space 367616K, 100% used [0x00000000d5d00000,0x00000000ec400000,0x00000000ec400000)
  from space 15360K, 68% used [0x00000000ec580000,0x00000000ecfb8ba0,0x00000000ed480000)
  to   space 9728K, 0% used [0x00000000eda00000,0x00000000eda00000,0x00000000ee380000)
 ParOldGen       total 171008K, used 81489K [0x0000000081600000, 0x000000008bd00000, 0x00000000d5d00000)
  object space 171008K, 47% used [0x0000000081600000,0x0000000086594570,0x000000008bd00000)
 Metaspace       used 69827K, capacity 70874K, committed 71064K, reserved 1110016K
  class space    used 10126K, capacity 10324K, committed 10408K, reserved 1048576K
Event: 64.529 GC heap after
Heap after GC invocations=22 (full 4):
 PSYoungGen      total 377344K, used 9723K [0x00000000d5d00000, 0x00000000ee380000, 0x0000000100000000)
  eden space 367616K, 0% used [0x00000000d5d00000,0x00000000d5d00000,0x00000000ec400000)
  from space 9728K, 99% used [0x00000000eda00000,0x00000000ee37edf8,0x00000000ee380000)
  to   space 15360K, 0% used [0x00000000ec580000,0x00000000ec580000,0x00000000ed480000)
 ParOldGen       total 171008K, used 115105K [0x0000000081600000, 0x000000008bd00000, 0x00000000d5d00000)
  object space 171008K, 67% used [0x0000000081600000,0x00000000886687f8,0x000000008bd00000)
 Metaspace       used 69827K, capacity 70874K, committed 71064K, reserved 1110016K
  class space    used 10126K, capacity 10324K, committed 10408K, reserved 1048576K
}
Event: 69.989 GC heap before
{Heap before GC invocations=23 (full 4):
 PSYoungGen      total 377344K, used 377339K [0x00000000d5d00000, 0x00000000ee380000, 0x0000000100000000)
  eden space 367616K, 100% used [0x00000000d5d00000,0x00000000ec400000,0x00000000ec400000)
  from space 9728K, 99% used [0x00000000eda00000,0x00000000ee37edf8,0x00000000ee380000)
  to   space 15360K, 0% used [0x00000000ec580000,0x00000000ec580000,0x00000000ed480000)
 ParOldGen       total 171008K, used 115105K [0x0000000081600000, 0x000000008bd00000, 0x00000000d5d00000)
  object space 171008K, 67% used [0x0000000081600000,0x00000000886687f8,0x000000008bd00000)
 Metaspace       used 70097K, capacity 71138K, committed 71320K, reserved 1110016K
  class space    used 10126K, capacity 10324K, committed 10408K, reserved 1048576K
Event: 70.010 GC heap after
Heap after GC invocations=23 (full 4):
 PSYoungGen      total 382976K, used 1312K [0x00000000d5d00000, 0x00000000ee380000, 0x0000000100000000)
  eden space 367616K, 0% used [0x00000000d5d00000,0x00000000d5d00000,0x00000000ec400000)
  from space 15360K, 8% used [0x00000000ec580000,0x00000000ec6c8060,0x00000000ed480000)
  to   space 9728K, 0% used [0x00000000eda00000,0x00000000eda00000,0x00000000ee380000)
 ParOldGen       total 171008K, used 123721K [0x0000000081600000, 0x000000008bd00000, 0x00000000d5d00000)
  object space 171008K, 72% used [0x0000000081600000,0x0000000088ed2720,0x000000008bd00000)
 Metaspace       used 70097K, capacity 71138K, committed 71320K, reserved 1110016K
  class space    used 10126K, capacity 10324K, committed 10408K, reserved 1048576K
}
Event: 74.720 GC heap before
{Heap before GC invocations=24 (full 4):
 PSYoungGen      total 382976K, used 368928K [0x00000000d5d00000, 0x00000000ee380000, 0x0000000100000000)
  eden space 367616K, 100% used [0x00000000d5d00000,0x00000000ec400000,0x00000000ec400000)
  from space 15360K, 8% used [0x00000000ec580000,0x00000000ec6c8060,0x00000000ed480000)
  to   space 9728K, 0% used [0x00000000eda00000,0x00000000eda00000,0x00000000ee380000)
 ParOldGen       total 171008K, used 123721K [0x0000000081600000, 0x000000008bd00000, 0x00000000d5d00000)
  object space 171008K, 72% used [0x0000000081600000,0x0000000088ed2720,0x000000008bd00000)
 Metaspace       used 70121K, capacity 71138K, committed 71320K, reserved 1110016K
  class space    used 10126K, capacity 10324K, committed 10408K, reserved 1048576K
Event: 74.762 GC heap after
Heap after GC invocations=24 (full 4):
 PSYoungGen      total 377344K, used 9664K [0x00000000d5d00000, 0x00000000ee380000, 0x0000000100000000)
  eden space 367616K, 0% used [0x00000000d5d00000,0x00000000d5d00000,0x00000000ec400000)
  from space 9728K, 99% used [0x00000000eda00000,0x00000000ee370070,0x00000000ee380000)
  to   space 15360K, 0% used [0x00000000ec580000,0x00000000ec580000,0x00000000ed480000)
 ParOldGen       total 171008K, used 123729K [0x0000000081600000, 0x000000008bd00000, 0x00000000d5d00000)
  object space 171008K, 72% used [0x0000000081600000,0x0000000088ed4720,0x000000008bd00000)
 Metaspace       used 70121K, capacity 71138K, committed 71320K, reserved 1110016K
  class space    used 10126K, capacity 10324K, committed 10408K, reserved 1048576K
}
Event: 79.871 GC heap before
{Heap before GC invocations=25 (full 4):
 PSYoungGen      total 377344K, used 377280K [0x00000000d5d00000, 0x00000000ee380000, 0x0000000100000000)
  eden space 367616K, 100% used [0x00000000d5d00000,0x00000000ec400000,0x00000000ec400000)
  from space 9728K, 99% used [0x00000000eda00000,0x00000000ee370070,0x00000000ee380000)
  to   space 15360K, 0% used [0x00000000ec580000,0x00000000ec580000,0x00000000ed480000)
 ParOldGen       total 171008K, used 123729K [0x0000000081600000, 0x000000008bd00000, 0x00000000d5d00000)
  object space 171008K, 72% used [0x0000000081600000,0x0000000088ed4720,0x000000008bd00000)
 Metaspace       used 70249K, capacity 71282K, committed 71576K, reserved 1110016K
  class space    used 10135K, capacity 10336K, committed 10408K, reserved 1048576K
Event: 79.884 GC heap after
Heap after GC invocations=25 (full 4):
 PSYoungGen      total 384512K, used 1824K [0x00000000d5d00000, 0x00000000f2f80000, 0x0000000100000000)
  eden space 369152K, 0% used [0x00000000d5d00000,0x00000000d5d00000,0x00000000ec580000)
  from space 15360K, 11% used [0x00000000ec580000,0x00000000ec748270,0x00000000ed480000)
  to   space 26624K, 0% used [0x00000000f1580000,0x00000000f1580000,0x00000000f2f80000)
 ParOldGen       total 171008K, used 123737K [0x0000000081600000, 0x000000008bd00000, 0x00000000d5d00000)
  object space 171008K, 72% used [0x0000000081600000,0x0000000088ed6720,0x000000008bd00000)
 Metaspace       used 70249K, capacity 71282K, committed 71576K, reserved 1110016K
  class space    used 10135K, capacity 10336K, committed 10408K, reserved 1048576K
}

